<?xml version="1.0" encoding="UTF-8"?>
<!-- Generated by org.testng.reporters.JUnitReportReporter -->
<testsuite skipped="0" hostname="Vimal-Verma" name="demo.sample2" tests="1" failures="0" timestamp="23 Feb 2018 05:00:21 GMT" time="15.102" errors="0">
  <testcase name="ValidCredentails" time="15.102" classname="demo.sample2"/>
</testsuite> <!-- demo.sample2 -->
